build/app/intermediates/manifest_merge_blame_file/release/manifest-merger-blame-release-report.txt
1<?xml version="1.0" encoding="utf-8"?>
2<manifest xmlns:android="http://schemas.android.com/apk/res/android"
3    package="com.gds.delivery"
4    android:versionCode="1"
5    android:versionName="1.0.0" >
6
7    <uses-sdk
8        android:minSdkVersion="23"
8-->src/main/AndroidManifest.xml
9        android:targetSdkVersion="34" />
9-->src/main/AndroidManifest.xml
10
11    <uses-permission android:name="android.permission.INTERNET" />
11-->src/main/AndroidManifest.xml:4:5-66
11-->src/main/AndroidManifest.xml:4:22-64
12    <uses-permission android:name="android.permission.CAMERA" />
12-->src/main/AndroidManifest.xml:5:5-64
12-->src/main/AndroidManifest.xml:5:22-62
13    <uses-permission
13-->src/main/AndroidManifest.xml:6:5-106
14        android:name="android.permission.READ_EXTERNAL_STORAGE"
14-->src/main/AndroidManifest.xml:6:22-77
15        android:maxSdkVersion="32" />
15-->src/main/AndroidManifest.xml:6:78-104
16    <uses-permission
16-->src/main/AndroidManifest.xml:7:5-107
17        android:name="android.permission.WRITE_EXTERNAL_STORAGE"
17-->src/main/AndroidManifest.xml:7:22-78
18        android:maxSdkVersion="32" />
18-->src/main/AndroidManifest.xml:7:79-105
19    <uses-permission android:name="android.permission.READ_MEDIA_IMAGES" />
19-->src/main/AndroidManifest.xml:8:5-75
19-->src/main/AndroidManifest.xml:8:22-73
20    <uses-permission android:name="android.permission.READ_MEDIA_VIDEO" />
20-->src/main/AndroidManifest.xml:9:5-74
20-->src/main/AndroidManifest.xml:9:22-72
21    <uses-permission android:name="android.permission.POST_NOTIFICATIONS" />
21-->src/main/AndroidManifest.xml:10:5-76
21-->src/main/AndroidManifest.xml:10:22-74
22
23    <queries>
23-->[:file_picker] AndroidManifest.xml:13:5-19:15
24        <intent>
24-->[:file_picker] AndroidManifest.xml:14:9-18:18
25            <action android:name="android.intent.action.GET_CONTENT" />
25-->[:file_picker] AndroidManifest.xml:15:13-72
25-->[:file_picker] AndroidManifest.xml:15:21-69
26
27            <data android:mimeType="*/*" />
27-->src/main/AndroidManifest.xml:52:17-79
28        </intent>
29        <!-- Needs to be explicitly declared on Android R+ -->
30        <package android:name="com.google.android.apps.maps" />
30-->[com.google.android.gms:play-services-maps:18.2.0] AndroidManifest.xml:33:9-64
30-->[com.google.android.gms:play-services-maps:18.2.0] AndroidManifest.xml:33:18-61
31    </queries>
32
33    <uses-permission android:name="android.permission.ACCESS_COARSE_LOCATION" />
33-->[:telephony] AndroidManifest.xml:9:5-81
33-->[:telephony] AndroidManifest.xml:9:22-78
34    <uses-permission android:name="android.permission.ACCESS_NETWORK_STATE" />
34-->[com.google.firebase:firebase-auth:22.3.1] AndroidManifest.xml:26:5-79
34-->[com.google.firebase:firebase-auth:22.3.1] AndroidManifest.xml:26:22-76
35    <uses-permission android:name="com.google.android.providers.gsf.permission.READ_GSERVICES" />
35-->[com.google.android.recaptcha:recaptcha:18.4.0] AndroidManifest.xml:9:5-98
35-->[com.google.android.recaptcha:recaptcha:18.4.0] AndroidManifest.xml:9:22-95
36
37    <uses-feature
37-->[com.google.android.gms:play-services-maps:18.2.0] AndroidManifest.xml:26:5-28:35
38        android:glEsVersion="0x00020000"
38-->[com.google.android.gms:play-services-maps:18.2.0] AndroidManifest.xml:27:9-41
39        android:required="true" />
39-->[com.google.android.gms:play-services-maps:18.2.0] AndroidManifest.xml:28:9-32
40
41    <permission
41-->[androidx.core:core:1.13.0] AndroidManifest.xml:22:5-24:47
42        android:name="com.gds.delivery.DYNAMIC_RECEIVER_NOT_EXPORTED_PERMISSION"
42-->[androidx.core:core:1.13.0] AndroidManifest.xml:23:9-81
43        android:protectionLevel="signature" />
43-->[androidx.core:core:1.13.0] AndroidManifest.xml:24:9-44
44
45    <uses-permission android:name="com.gds.delivery.DYNAMIC_RECEIVER_NOT_EXPORTED_PERMISSION" />
45-->[androidx.core:core:1.13.0] AndroidManifest.xml:26:5-97
45-->[androidx.core:core:1.13.0] AndroidManifest.xml:26:22-94
46
47    <application
47-->src/main/AndroidManifest.xml:11:5-65:19
48        android:appComponentFactory="androidx.core.app.CoreComponentFactory"
48-->[androidx.core:core:1.13.0] AndroidManifest.xml:28:18-86
49        android:extractNativeLibs="false"
50        android:icon="@mipmap/ic_launcher"
50-->src/main/AndroidManifest.xml:14:9-43
51        android:label="Ghost Delivery Partner"
51-->src/main/AndroidManifest.xml:12:9-47
52        android:requestLegacyExternalStorage="true" >
52-->src/main/AndroidManifest.xml:15:9-52
53        <activity
53-->src/main/AndroidManifest.xml:17:9-55:20
54            android:name="com.gds.delivery.MainActivity"
54-->src/main/AndroidManifest.xml:18:13-41
55            android:configChanges="orientation|keyboardHidden|keyboard|screenSize|smallestScreenSize|locale|layoutDirection|fontScale|screenLayout|density|uiMode"
55-->src/main/AndroidManifest.xml:22:13-163
56            android:exported="true"
56-->src/main/AndroidManifest.xml:19:13-36
57            android:hardwareAccelerated="true"
57-->src/main/AndroidManifest.xml:23:13-47
58            android:launchMode="singleTop"
58-->src/main/AndroidManifest.xml:20:13-43
59            android:theme="@style/LaunchTheme"
59-->src/main/AndroidManifest.xml:21:13-47
60            android:windowSoftInputMode="adjustResize" >
60-->src/main/AndroidManifest.xml:24:13-55
61
62            <!--
63                 Specifies an Android theme to apply to this Activity as soon as
64                 the Android process has started. This theme is visible to the user
65                 while the Flutter UI initializes. After that, this theme continues
66                 to determine the Window background behind the Flutter UI.
67            -->
68            <meta-data
68-->src/main/AndroidManifest.xml:29:13-32:17
69                android:name="io.flutter.embedding.android.NormalTheme"
69-->src/main/AndroidManifest.xml:30:15-70
70                android:resource="@style/NormalTheme" />
70-->src/main/AndroidManifest.xml:31:15-52
71            <!--
72                 Displays an Android View that continues showing the launch screen
73                 Drawable until Flutter paints its first frame, then this splash
74                 screen fades out. A splash screen is useful to avoid any visual
75                 gap between the end of Android's launch screen and the painting of
76                 Flutter's first frame.
77            -->
78            <meta-data
78-->src/main/AndroidManifest.xml:38:13-41:17
79                android:name="io.flutter.embedding.android.SplashScreenDrawable"
79-->src/main/AndroidManifest.xml:39:15-79
80                android:resource="@drawable/launch_background" />
80-->src/main/AndroidManifest.xml:40:15-61
81
82            <intent-filter>
82-->src/main/AndroidManifest.xml:42:13-45:29
83                <action android:name="android.intent.action.MAIN" />
83-->src/main/AndroidManifest.xml:43:17-68
83-->src/main/AndroidManifest.xml:43:25-66
84
85                <category android:name="android.intent.category.LAUNCHER" />
85-->src/main/AndroidManifest.xml:44:17-76
85-->src/main/AndroidManifest.xml:44:27-74
86            </intent-filter>
87            <!-- Deep linking -->
88            <meta-data
88-->src/main/AndroidManifest.xml:47:13-90
89                android:name="flutter_deeplinking_enabled"
89-->src/main/AndroidManifest.xml:47:24-66
90                android:value="true" />
90-->src/main/AndroidManifest.xml:47:67-87
91
92            <intent-filter android:autoVerify="true" >
92-->src/main/AndroidManifest.xml:48:13-53:29
92-->src/main/AndroidManifest.xml:48:28-53
93                <action android:name="android.intent.action.VIEW" />
93-->src/main/AndroidManifest.xml:49:17-69
93-->src/main/AndroidManifest.xml:49:25-66
94
95                <category android:name="android.intent.category.DEFAULT" />
95-->src/main/AndroidManifest.xml:50:17-76
95-->src/main/AndroidManifest.xml:50:27-73
96                <category android:name="android.intent.category.BROWSABLE" />
96-->src/main/AndroidManifest.xml:51:17-78
96-->src/main/AndroidManifest.xml:51:27-75
97
98                <data
98-->src/main/AndroidManifest.xml:52:17-79
99                    android:host="delivery.com"
99-->src/main/AndroidManifest.xml:52:49-76
100                    android:scheme="delivery" />
100-->src/main/AndroidManifest.xml:52:23-48
101            </intent-filter>
102        </activity>
103
104        <!--
105             Don't delete the meta-data below.
106             This is used by the Flutter tool to generate GeneratedPluginRegistrant.java
107        -->
108        <meta-data
108-->src/main/AndroidManifest.xml:59:9-61:33
109            android:name="flutterEmbedding"
109-->src/main/AndroidManifest.xml:60:13-44
110            android:value="2" />
110-->src/main/AndroidManifest.xml:61:13-30
111        <meta-data
111-->src/main/AndroidManifest.xml:62:9-123
112            android:name="com.google.android.geo.API_KEY"
112-->src/main/AndroidManifest.xml:62:20-65
113            android:value="AIzaSyC2Vdj7JPSjSjs0g85GweGyZVgzJa-_3j4" />
113-->src/main/AndroidManifest.xml:62:66-121
114
115        <service
115-->[:cloud_firestore] AndroidManifest.xml:10:9-14:19
116            android:name="com.google.firebase.components.ComponentDiscoveryService"
116-->[:cloud_firestore] AndroidManifest.xml:10:18-89
117            android:directBootAware="true"
117-->[com.google.firebase:firebase-common:20.4.3] AndroidManifest.xml:32:13-43
118            android:exported="false" >
118-->[com.google.firebase:firebase-auth:22.3.1] AndroidManifest.xml:68:13-37
119            <meta-data
119-->[:cloud_firestore] AndroidManifest.xml:11:13-13:85
120                android:name="com.google.firebase.components:io.flutter.plugins.firebase.firestore.FlutterFirebaseFirestoreRegistrar"
120-->[:cloud_firestore] AndroidManifest.xml:12:17-134
121                android:value="com.google.firebase.components.ComponentRegistrar" />
121-->[:cloud_firestore] AndroidManifest.xml:13:17-82
122            <meta-data
122-->[:firebase_auth] AndroidManifest.xml:11:13-13:85
123                android:name="com.google.firebase.components:io.flutter.plugins.firebase.auth.FlutterFirebaseAuthRegistrar"
123-->[:firebase_auth] AndroidManifest.xml:12:17-124
124                android:value="com.google.firebase.components.ComponentRegistrar" />
124-->[:firebase_auth] AndroidManifest.xml:13:17-82
125            <meta-data
125-->[:firebase_performance] AndroidManifest.xml:13:13-15:85
126                android:name="com.google.firebase.components:io.flutter.plugins.firebase.performance.FlutterFirebaseAppRegistrar"
126-->[:firebase_performance] AndroidManifest.xml:14:17-130
127                android:value="com.google.firebase.components.ComponentRegistrar" />
127-->[:firebase_performance] AndroidManifest.xml:15:17-82
128            <meta-data
128-->[:firebase_storage] AndroidManifest.xml:11:13-13:85
129                android:name="com.google.firebase.components:io.flutter.plugins.firebase.storage.FlutterFirebaseAppRegistrar"
129-->[:firebase_storage] AndroidManifest.xml:12:17-126
130                android:value="com.google.firebase.components.ComponentRegistrar" />
130-->[:firebase_storage] AndroidManifest.xml:13:17-82
131            <meta-data
131-->[:firebase_core] AndroidManifest.xml:11:13-13:85
132                android:name="com.google.firebase.components:io.flutter.plugins.firebase.core.FlutterFirebaseCoreRegistrar"
132-->[:firebase_core] AndroidManifest.xml:12:17-124
133                android:value="com.google.firebase.components.ComponentRegistrar" />
133-->[:firebase_core] AndroidManifest.xml:13:17-82
134            <meta-data
134-->[com.google.firebase:firebase-auth:22.3.1] AndroidManifest.xml:69:13-71:85
135                android:name="com.google.firebase.components:com.google.firebase.auth.FirebaseAuthRegistrar"
135-->[com.google.firebase:firebase-auth:22.3.1] AndroidManifest.xml:70:17-109
136                android:value="com.google.firebase.components.ComponentRegistrar" />
136-->[com.google.firebase:firebase-auth:22.3.1] AndroidManifest.xml:71:17-82
137            <meta-data
137-->[com.google.firebase:firebase-firestore:24.11.0] AndroidManifest.xml:17:13-19:85
138                android:name="com.google.firebase.components:com.google.firebase.firestore.FirebaseFirestoreKtxRegistrar"
138-->[com.google.firebase:firebase-firestore:24.11.0] AndroidManifest.xml:18:17-122
139                android:value="com.google.firebase.components.ComponentRegistrar" />
139-->[com.google.firebase:firebase-firestore:24.11.0] AndroidManifest.xml:19:17-82
140            <meta-data
140-->[com.google.firebase:firebase-firestore:24.11.0] AndroidManifest.xml:20:13-22:85
141                android:name="com.google.firebase.components:com.google.firebase.firestore.FirestoreRegistrar"
141-->[com.google.firebase:firebase-firestore:24.11.0] AndroidManifest.xml:21:17-111
142                android:value="com.google.firebase.components.ComponentRegistrar" />
142-->[com.google.firebase:firebase-firestore:24.11.0] AndroidManifest.xml:22:17-82
143            <meta-data
143-->[com.google.firebase:firebase-storage:20.3.0] AndroidManifest.xml:30:13-32:85
144                android:name="com.google.firebase.components:com.google.firebase.storage.FirebaseStorageKtxRegistrar"
144-->[com.google.firebase:firebase-storage:20.3.0] AndroidManifest.xml:31:17-118
145                android:value="com.google.firebase.components.ComponentRegistrar" />
145-->[com.google.firebase:firebase-storage:20.3.0] AndroidManifest.xml:32:17-82
146            <meta-data
146-->[com.google.firebase:firebase-storage:20.3.0] AndroidManifest.xml:33:13-35:85
147                android:name="com.google.firebase.components:com.google.firebase.storage.StorageRegistrar"
147-->[com.google.firebase:firebase-storage:20.3.0] AndroidManifest.xml:34:17-107
148                android:value="com.google.firebase.components.ComponentRegistrar" />
148-->[com.google.firebase:firebase-storage:20.3.0] AndroidManifest.xml:35:17-82
149            <meta-data
149-->[com.google.firebase:firebase-appcheck:17.1.2] AndroidManifest.xml:25:13-27:85
150                android:name="com.google.firebase.components:com.google.firebase.appcheck.FirebaseAppCheckKtxRegistrar"
150-->[com.google.firebase:firebase-appcheck:17.1.2] AndroidManifest.xml:26:17-120
151                android:value="com.google.firebase.components.ComponentRegistrar" />
151-->[com.google.firebase:firebase-appcheck:17.1.2] AndroidManifest.xml:27:17-82
152            <meta-data
152-->[com.google.firebase:firebase-appcheck:17.1.2] AndroidManifest.xml:28:13-30:85
153                android:name="com.google.firebase.components:com.google.firebase.appcheck.FirebaseAppCheckRegistrar"
153-->[com.google.firebase:firebase-appcheck:17.1.2] AndroidManifest.xml:29:17-117
154                android:value="com.google.firebase.components.ComponentRegistrar" />
154-->[com.google.firebase:firebase-appcheck:17.1.2] AndroidManifest.xml:30:17-82
155            <meta-data
155-->[com.google.firebase:firebase-perf:20.5.2] AndroidManifest.xml:14:13-16:85
156                android:name="com.google.firebase.components:com.google.firebase.perf.FirebasePerfKtxRegistrar"
156-->[com.google.firebase:firebase-perf:20.5.2] AndroidManifest.xml:15:17-112
157                android:value="com.google.firebase.components.ComponentRegistrar" />
157-->[com.google.firebase:firebase-perf:20.5.2] AndroidManifest.xml:16:17-82
158            <meta-data
158-->[com.google.firebase:firebase-perf:20.5.2] AndroidManifest.xml:17:13-19:85
159                android:name="com.google.firebase.components:com.google.firebase.perf.FirebasePerfRegistrar"
159-->[com.google.firebase:firebase-perf:20.5.2] AndroidManifest.xml:18:17-109
160                android:value="com.google.firebase.components.ComponentRegistrar" />
160-->[com.google.firebase:firebase-perf:20.5.2] AndroidManifest.xml:19:17-82
161            <meta-data
161-->[com.google.firebase:firebase-config:21.6.3] AndroidManifest.xml:29:13-31:85
162                android:name="com.google.firebase.components:com.google.firebase.remoteconfig.FirebaseRemoteConfigKtxRegistrar"
162-->[com.google.firebase:firebase-config:21.6.3] AndroidManifest.xml:30:17-128
163                android:value="com.google.firebase.components.ComponentRegistrar" />
163-->[com.google.firebase:firebase-config:21.6.3] AndroidManifest.xml:31:17-82
164            <meta-data
164-->[com.google.firebase:firebase-config:21.6.3] AndroidManifest.xml:32:13-34:85
165                android:name="com.google.firebase.components:com.google.firebase.remoteconfig.RemoteConfigRegistrar"
165-->[com.google.firebase:firebase-config:21.6.3] AndroidManifest.xml:33:17-117
166                android:value="com.google.firebase.components.ComponentRegistrar" />
166-->[com.google.firebase:firebase-config:21.6.3] AndroidManifest.xml:34:17-82
167            <meta-data
167-->[com.google.firebase:firebase-sessions:1.2.2] AndroidManifest.xml:29:13-31:85
168                android:name="com.google.firebase.components:com.google.firebase.sessions.FirebaseSessionsRegistrar"
168-->[com.google.firebase:firebase-sessions:1.2.2] AndroidManifest.xml:30:17-117
169                android:value="com.google.firebase.components.ComponentRegistrar" />
169-->[com.google.firebase:firebase-sessions:1.2.2] AndroidManifest.xml:31:17-82
170            <meta-data
170-->[com.google.firebase:firebase-installations:17.2.0] AndroidManifest.xml:15:13-17:85
171                android:name="com.google.firebase.components:com.google.firebase.installations.FirebaseInstallationsKtxRegistrar"
171-->[com.google.firebase:firebase-installations:17.2.0] AndroidManifest.xml:16:17-130
172                android:value="com.google.firebase.components.ComponentRegistrar" />
172-->[com.google.firebase:firebase-installations:17.2.0] AndroidManifest.xml:17:17-82
173            <meta-data
173-->[com.google.firebase:firebase-installations:17.2.0] AndroidManifest.xml:18:13-20:85
174                android:name="com.google.firebase.components:com.google.firebase.installations.FirebaseInstallationsRegistrar"
174-->[com.google.firebase:firebase-installations:17.2.0] AndroidManifest.xml:19:17-127
175                android:value="com.google.firebase.components.ComponentRegistrar" />
175-->[com.google.firebase:firebase-installations:17.2.0] AndroidManifest.xml:20:17-82
176            <meta-data
176-->[com.google.firebase:firebase-common-ktx:20.4.3] AndroidManifest.xml:12:13-14:85
177                android:name="com.google.firebase.components:com.google.firebase.ktx.FirebaseCommonLegacyRegistrar"
177-->[com.google.firebase:firebase-common-ktx:20.4.3] AndroidManifest.xml:13:17-116
178                android:value="com.google.firebase.components.ComponentRegistrar" />
178-->[com.google.firebase:firebase-common-ktx:20.4.3] AndroidManifest.xml:14:17-82
179            <meta-data
179-->[com.google.firebase:firebase-common:20.4.3] AndroidManifest.xml:35:13-37:85
180                android:name="com.google.firebase.components:com.google.firebase.FirebaseCommonKtxRegistrar"
180-->[com.google.firebase:firebase-common:20.4.3] AndroidManifest.xml:36:17-109
181                android:value="com.google.firebase.components.ComponentRegistrar" />
181-->[com.google.firebase:firebase-common:20.4.3] AndroidManifest.xml:37:17-82
182            <meta-data
182-->[com.google.firebase:firebase-abt:21.1.1] AndroidManifest.xml:12:13-14:85
183                android:name="com.google.firebase.components:com.google.firebase.abt.component.AbtRegistrar"
183-->[com.google.firebase:firebase-abt:21.1.1] AndroidManifest.xml:13:17-109
184                android:value="com.google.firebase.components.ComponentRegistrar" />
184-->[com.google.firebase:firebase-abt:21.1.1] AndroidManifest.xml:14:17-82
185            <meta-data
185-->[com.google.firebase:firebase-datatransport:18.1.8] AndroidManifest.xml:27:13-29:85
186                android:name="com.google.firebase.components:com.google.firebase.datatransport.TransportRegistrar"
186-->[com.google.firebase:firebase-datatransport:18.1.8] AndroidManifest.xml:28:17-115
187                android:value="com.google.firebase.components.ComponentRegistrar" />
187-->[com.google.firebase:firebase-datatransport:18.1.8] AndroidManifest.xml:29:17-82
188        </service>
189
190        <provider
190-->[:image_picker_android] AndroidManifest.xml:10:9-18:20
191            android:name="io.flutter.plugins.imagepicker.ImagePickerFileProvider"
191-->[:image_picker_android] AndroidManifest.xml:11:13-82
192            android:authorities="com.gds.delivery.flutter.image_provider"
192-->[:image_picker_android] AndroidManifest.xml:12:13-74
193            android:exported="false"
193-->[:image_picker_android] AndroidManifest.xml:13:13-37
194            android:grantUriPermissions="true" >
194-->[:image_picker_android] AndroidManifest.xml:14:13-47
195            <meta-data
195-->[:image_picker_android] AndroidManifest.xml:15:13-17:75
196                android:name="android.support.FILE_PROVIDER_PATHS"
196-->[:image_picker_android] AndroidManifest.xml:16:17-67
197                android:resource="@xml/flutter_image_picker_file_paths" />
197-->[:image_picker_android] AndroidManifest.xml:17:17-72
198        </provider>
199
200        <service
200-->[:geolocator_android] AndroidManifest.xml:10:9-14:56
201            android:name="com.baseflow.geolocator.GeolocatorLocationService"
201-->[:geolocator_android] AndroidManifest.xml:11:13-77
202            android:enabled="true"
202-->[:geolocator_android] AndroidManifest.xml:12:13-35
203            android:exported="false"
203-->[:geolocator_android] AndroidManifest.xml:13:13-37
204            android:foregroundServiceType="location" />
204-->[:geolocator_android] AndroidManifest.xml:14:13-53
205
206        <activity
206-->[:url_launcher_android] AndroidManifest.xml:10:9-13:74
207            android:name="io.flutter.plugins.urllauncher.WebViewActivity"
207-->[:url_launcher_android] AndroidManifest.xml:11:13-74
208            android:exported="false"
208-->[:url_launcher_android] AndroidManifest.xml:12:13-37
209            android:theme="@android:style/Theme.NoTitleBar.Fullscreen" />
209-->[:url_launcher_android] AndroidManifest.xml:13:13-71
210        <activity
210-->[com.google.firebase:firebase-auth:22.3.1] AndroidManifest.xml:29:9-46:20
211            android:name="com.google.firebase.auth.internal.GenericIdpActivity"
211-->[com.google.firebase:firebase-auth:22.3.1] AndroidManifest.xml:30:13-80
212            android:excludeFromRecents="true"
212-->[com.google.firebase:firebase-auth:22.3.1] AndroidManifest.xml:31:13-46
213            android:exported="true"
213-->[com.google.firebase:firebase-auth:22.3.1] AndroidManifest.xml:32:13-36
214            android:launchMode="singleTask"
214-->[com.google.firebase:firebase-auth:22.3.1] AndroidManifest.xml:33:13-44
215            android:theme="@android:style/Theme.Translucent.NoTitleBar" >
215-->[com.google.firebase:firebase-auth:22.3.1] AndroidManifest.xml:34:13-72
216            <intent-filter>
216-->[com.google.firebase:firebase-auth:22.3.1] AndroidManifest.xml:35:13-45:29
217                <action android:name="android.intent.action.VIEW" />
217-->src/main/AndroidManifest.xml:49:17-69
217-->src/main/AndroidManifest.xml:49:25-66
218
219                <category android:name="android.intent.category.DEFAULT" />
219-->src/main/AndroidManifest.xml:50:17-76
219-->src/main/AndroidManifest.xml:50:27-73
220                <category android:name="android.intent.category.BROWSABLE" />
220-->src/main/AndroidManifest.xml:51:17-78
220-->src/main/AndroidManifest.xml:51:27-75
221
222                <data
222-->src/main/AndroidManifest.xml:52:17-79
223                    android:host="firebase.auth"
223-->src/main/AndroidManifest.xml:52:49-76
224                    android:path="/"
225                    android:scheme="genericidp" />
225-->src/main/AndroidManifest.xml:52:23-48
226            </intent-filter>
227        </activity>
228        <activity
228-->[com.google.firebase:firebase-auth:22.3.1] AndroidManifest.xml:47:9-64:20
229            android:name="com.google.firebase.auth.internal.RecaptchaActivity"
229-->[com.google.firebase:firebase-auth:22.3.1] AndroidManifest.xml:48:13-79
230            android:excludeFromRecents="true"
230-->[com.google.firebase:firebase-auth:22.3.1] AndroidManifest.xml:49:13-46
231            android:exported="true"
231-->[com.google.firebase:firebase-auth:22.3.1] AndroidManifest.xml:50:13-36
232            android:launchMode="singleTask"
232-->[com.google.firebase:firebase-auth:22.3.1] AndroidManifest.xml:51:13-44
233            android:theme="@android:style/Theme.Translucent.NoTitleBar" >
233-->[com.google.firebase:firebase-auth:22.3.1] AndroidManifest.xml:52:13-72
234            <intent-filter>
234-->[com.google.firebase:firebase-auth:22.3.1] AndroidManifest.xml:53:13-63:29
235                <action android:name="android.intent.action.VIEW" />
235-->src/main/AndroidManifest.xml:49:17-69
235-->src/main/AndroidManifest.xml:49:25-66
236
237                <category android:name="android.intent.category.DEFAULT" />
237-->src/main/AndroidManifest.xml:50:17-76
237-->src/main/AndroidManifest.xml:50:27-73
238                <category android:name="android.intent.category.BROWSABLE" />
238-->src/main/AndroidManifest.xml:51:17-78
238-->src/main/AndroidManifest.xml:51:27-75
239
240                <data
240-->src/main/AndroidManifest.xml:52:17-79
241                    android:host="firebase.auth"
241-->src/main/AndroidManifest.xml:52:49-76
242                    android:path="/"
243                    android:scheme="recaptcha" />
243-->src/main/AndroidManifest.xml:52:23-48
244            </intent-filter>
245        </activity>
246
247        <uses-library
247-->[androidx.window:window:1.0.0-beta04] AndroidManifest.xml:25:9-27:40
248            android:name="androidx.window.extensions"
248-->[androidx.window:window:1.0.0-beta04] AndroidManifest.xml:26:13-54
249            android:required="false" />
249-->[androidx.window:window:1.0.0-beta04] AndroidManifest.xml:27:13-37
250        <uses-library
250-->[androidx.window:window:1.0.0-beta04] AndroidManifest.xml:28:9-30:40
251            android:name="androidx.window.sidecar"
251-->[androidx.window:window:1.0.0-beta04] AndroidManifest.xml:29:13-51
252            android:required="false" /> <!-- Needs to be explicitly declared on P+ -->
252-->[androidx.window:window:1.0.0-beta04] AndroidManifest.xml:30:13-37
253        <uses-library
253-->[com.google.android.gms:play-services-maps:18.2.0] AndroidManifest.xml:39:9-41:40
254            android:name="org.apache.http.legacy"
254-->[com.google.android.gms:play-services-maps:18.2.0] AndroidManifest.xml:40:13-50
255            android:required="false" />
255-->[com.google.android.gms:play-services-maps:18.2.0] AndroidManifest.xml:41:13-37
256
257        <activity
257-->[com.google.android.gms:play-services-auth:20.7.0] AndroidManifest.xml:23:9-27:75
258            android:name="com.google.android.gms.auth.api.signin.internal.SignInHubActivity"
258-->[com.google.android.gms:play-services-auth:20.7.0] AndroidManifest.xml:24:13-93
259            android:excludeFromRecents="true"
259-->[com.google.android.gms:play-services-auth:20.7.0] AndroidManifest.xml:25:13-46
260            android:exported="false"
260-->[com.google.android.gms:play-services-auth:20.7.0] AndroidManifest.xml:26:13-37
261            android:theme="@android:style/Theme.Translucent.NoTitleBar" />
261-->[com.google.android.gms:play-services-auth:20.7.0] AndroidManifest.xml:27:13-72
262        <!--
263            Service handling Google Sign-In user revocation. For apps that do not integrate with
264            Google Sign-In, this service will never be started.
265        -->
266        <service
266-->[com.google.android.gms:play-services-auth:20.7.0] AndroidManifest.xml:33:9-37:51
267            android:name="com.google.android.gms.auth.api.signin.RevocationBoundService"
267-->[com.google.android.gms:play-services-auth:20.7.0] AndroidManifest.xml:34:13-89
268            android:exported="true"
268-->[com.google.android.gms:play-services-auth:20.7.0] AndroidManifest.xml:35:13-36
269            android:permission="com.google.android.gms.auth.api.signin.permission.REVOCATION_NOTIFICATION"
269-->[com.google.android.gms:play-services-auth:20.7.0] AndroidManifest.xml:36:13-107
270            android:visibleToInstantApps="true" />
270-->[com.google.android.gms:play-services-auth:20.7.0] AndroidManifest.xml:37:13-48
271
272        <activity
272-->[com.google.android.gms:play-services-base:18.3.0] AndroidManifest.xml:20:9-22:45
273            android:name="com.google.android.gms.common.api.GoogleApiActivity"
273-->[com.google.android.gms:play-services-base:18.3.0] AndroidManifest.xml:20:19-85
274            android:exported="false"
274-->[com.google.android.gms:play-services-base:18.3.0] AndroidManifest.xml:22:19-43
275            android:theme="@android:style/Theme.Translucent.NoTitleBar" />
275-->[com.google.android.gms:play-services-base:18.3.0] AndroidManifest.xml:21:19-78
276
277        <service
277-->[com.google.firebase:firebase-sessions:1.2.2] AndroidManifest.xml:22:9-25:40
278            android:name="com.google.firebase.sessions.SessionLifecycleService"
278-->[com.google.firebase:firebase-sessions:1.2.2] AndroidManifest.xml:23:13-80
279            android:enabled="true"
279-->[com.google.firebase:firebase-sessions:1.2.2] AndroidManifest.xml:24:13-35
280            android:exported="false" />
280-->[com.google.firebase:firebase-sessions:1.2.2] AndroidManifest.xml:25:13-37
281
282        <provider
282-->[com.google.firebase:firebase-common:20.4.3] AndroidManifest.xml:23:9-28:39
283            android:name="com.google.firebase.provider.FirebaseInitProvider"
283-->[com.google.firebase:firebase-common:20.4.3] AndroidManifest.xml:24:13-77